2026-04-05 12:30:41 | INFO | P6 | === RUN START ===
2026-04-05 12:30:41 | INFO | P6 | project=CINTEL
2026-04-05 12:30:41 | INFO | P6 | repo_dir=cintel-06-continuous-intelligence
2026-04-05 12:30:41 | INFO | P6 | python=3.14.3
2026-04-05 12:30:41 | INFO | P6 | os=Windows 11
2026-04-05 12:30:41 | INFO | P6 | shell=powershell
2026-04-05 12:30:41 | INFO | P6 | cwd=.
2026-04-05 12:30:41 | INFO | P6 | github_actions=False
2026-04-05 12:30:41 | INFO | P6 | ========================
2026-04-05 12:30:41 | INFO | P6 | START main()
2026-04-05 12:30:41 | INFO | P6 | ========================
2026-04-05 12:30:41 | INFO | P6 | ROOT_DIR = .
2026-04-05 12:30:41 | INFO | P6 | DATA_FILE = data\system_metrics_case.csv
2026-04-05 12:30:41 | INFO | P6 | OUTPUT_FILE = artifacts\system_assessment_case.csv
2026-04-05 12:30:41 | INFO | P6 | ARTIFACTS_DIR = artifacts
2026-04-05 12:30:41 | INFO | P6 | STEP 1. Loaded 60 system records
2026-04-05 12:30:41 | INFO | P6 | STEP 2. Designing signals from raw metrics...
2026-04-05 12:30:42 | INFO | P6 | STEP 3. Checking for anomalies in system signals...
2026-04-05 12:30:42 | INFO | P6 | STEP 3. Using thresholds: MAX_ERROR_RATE=0.05, MAX_AVG_LATENCY=40.0
2026-04-05 12:30:42 | INFO | P6 | STEP 3. Anomalies detected: 7
2026-04-05 12:30:42 | INFO | P6 | STEP 4. Summarizing system state from monitored signals...
2026-04-05 12:30:42 | INFO | P6 | STEP 4. System assessment completed
2026-04-05 12:30:42 | INFO | P6 | STEP 5. Wrote system assessment file: C:\Repos\cintel-06-continuous-intelligence\artifacts\system_assessment_case.csv
2026-04-05 12:30:42 | INFO | P6 | ========================
2026-04-05 12:30:42 | INFO | P6 | Pipeline executed successfully!
2026-04-05 12:30:42 | INFO | P6 | ========================
2026-04-05 12:30:42 | INFO | P6 | END main()
2026-04-06 14:48:40 | INFO | P6 | === RUN START ===
2026-04-06 14:48:40 | INFO | P6 | project=CINTEL
2026-04-06 14:48:40 | INFO | P6 | repo_dir=cintel-06-continuous-intelligence
2026-04-06 14:48:40 | INFO | P6 | python=3.14.3
2026-04-06 14:48:40 | INFO | P6 | os=Windows 11
2026-04-06 14:48:40 | INFO | P6 | shell=powershell
2026-04-06 14:48:40 | INFO | P6 | cwd=.
2026-04-06 14:48:40 | INFO | P6 | github_actions=False
2026-04-06 14:48:40 | INFO | P6 | ========================
2026-04-06 14:48:40 | INFO | P6 | START main()
2026-04-06 14:48:40 | INFO | P6 | ========================
2026-04-06 14:48:40 | INFO | P6 | ROOT_DIR = .
2026-04-06 14:48:40 | INFO | P6 | DATA_FILE = data\system_metrics_hennelly.csv
2026-04-06 14:48:40 | INFO | P6 | OUTPUT_FILE = artifacts\system_assessment_hennelly.csv
2026-04-06 14:48:40 | INFO | P6 | ARTIFACTS_DIR = artifacts
2026-04-06 14:48:40 | INFO | P6 | STEP 1. Loaded 60 system records
2026-04-06 14:48:40 | INFO | P6 | STEP 2. Designing signals from raw metrics...
2026-04-06 14:48:40 | INFO | P6 | STEP 3. Checking for anomalies in system signals...
2026-04-06 14:48:40 | INFO | P6 | STEP 3. Using thresholds: MAX_ERROR_RATE=0.05, MAX_AVG_LATENCY=40.0
2026-04-06 14:48:40 | INFO | P6 | STEP 3. Anomalies detected: 7
2026-04-06 14:48:40 | INFO | P6 | STEP 4. Summarizing system state from monitored signals...
2026-04-06 14:48:40 | INFO | P6 | STEP 4. System assessment completed
2026-04-06 14:48:40 | INFO | P6 | STEP 5. Wrote system assessment file: C:\Repos\cintel-06-continuous-intelligence\artifacts\system_assessment_hennelly.csv
2026-04-06 14:48:40 | INFO | P6 | ========================
2026-04-06 14:48:40 | INFO | P6 | Pipeline executed successfully!
2026-04-06 14:48:40 | INFO | P6 | ========================
2026-04-06 14:48:40 | INFO | P6 | END main()
2026-04-06 15:13:23 | INFO | P6 | === RUN START ===
2026-04-06 15:13:23 | INFO | P6 | project=CINTEL
2026-04-06 15:13:23 | INFO | P6 | repo_dir=cintel-06-continuous-intelligence
2026-04-06 15:13:23 | INFO | P6 | python=3.14.3
2026-04-06 15:13:23 | INFO | P6 | os=Windows 11
2026-04-06 15:13:23 | INFO | P6 | shell=powershell
2026-04-06 15:13:23 | INFO | P6 | cwd=.
2026-04-06 15:13:23 | INFO | P6 | github_actions=False
2026-04-06 15:13:23 | INFO | P6 | ========================
2026-04-06 15:13:23 | INFO | P6 | START main()
2026-04-06 15:13:23 | INFO | P6 | ========================
2026-04-06 15:13:23 | INFO | P6 | ROOT_DIR = .
2026-04-06 15:13:23 | INFO | P6 | DATA_FILE = data\system_metrics_hennelly.csv
2026-04-06 15:13:23 | INFO | P6 | OUTPUT_FILE = artifacts\system_assessment_hennelly.csv
2026-04-06 15:13:23 | INFO | P6 | ARTIFACTS_DIR = artifacts
2026-04-06 15:13:24 | INFO | P6 | STEP 1. Loaded 60 system records
2026-04-06 15:13:24 | INFO | P6 | STEP 2. Designing signals from raw metrics...
2026-04-06 15:13:24 | INFO | P6 | STEP 3. Checking for anomalies in system signals...
2026-04-06 15:13:24 | INFO | P6 | STEP 3. Using thresholds: MAX_DEGRADED_ERROR_RATE=0.05, MAX_DEGRADED_AVG_LATENCY=40.0MAX_WARN_ERROR_RATE=0.02MAX_WARN_AVG_LATENCY=20.0
2026-04-06 15:13:24 | INFO | P6 | STEP 3. Anomalies detected: 7
2026-04-06 15:13:24 | INFO | P6 | STEP 4. Summarizing system state from monitored signals...
2026-04-06 15:13:24 | INFO | P6 | STEP 4. System assessment completed
2026-04-06 15:13:24 | INFO | P6 | STEP 5. Wrote system assessment file: C:\Repos\cintel-06-continuous-intelligence\artifacts\system_assessment_hennelly.csv
2026-04-06 15:13:24 | INFO | P6 | ========================
2026-04-06 15:13:24 | INFO | P6 | Pipeline executed successfully!
2026-04-06 15:13:24 | INFO | P6 | ========================
2026-04-06 15:13:24 | INFO | P6 | END main()
2026-04-06 15:34:41 | INFO | P6 | === RUN START ===
2026-04-06 15:34:41 | INFO | P6 | project=CINTEL
2026-04-06 15:34:41 | INFO | P6 | repo_dir=cintel-06-continuous-intelligence
2026-04-06 15:34:41 | INFO | P6 | python=3.14.3
2026-04-06 15:34:41 | INFO | P6 | os=Windows 11
2026-04-06 15:34:41 | INFO | P6 | shell=powershell
2026-04-06 15:34:41 | INFO | P6 | cwd=.
2026-04-06 15:34:41 | INFO | P6 | github_actions=False
2026-04-06 15:34:41 | INFO | P6 | ========================
2026-04-06 15:34:41 | INFO | P6 | START main()
2026-04-06 15:34:41 | INFO | P6 | ========================
2026-04-06 15:34:41 | INFO | P6 | ROOT_DIR = .
2026-04-06 15:34:41 | INFO | P6 | DATA_FILE = data\system_metrics_hennelly.csv
2026-04-06 15:34:41 | INFO | P6 | OUTPUT_FILE = artifacts\system_assessment_hennelly.csv
2026-04-06 15:34:41 | INFO | P6 | ARTIFACTS_DIR = artifacts
2026-04-06 15:34:41 | INFO | P6 | STEP 1. Loaded 60 system records
2026-04-06 15:34:41 | INFO | P6 | STEP 2. Designing signals from raw metrics...
2026-04-06 15:34:41 | INFO | P6 | STEP 3. Checking for anomalies in system signals...
2026-04-06 15:34:41 | INFO | P6 | STEP 3. Using thresholds: MAX_DEGRADED_ERROR_RATE=0.05, MAX_DEGRADED_AVG_LATENCY=40.0,MAX_WARN_ERROR_RATE=0.02,MAX_WARN_AVG_LATENCY=20.0,
2026-04-06 15:34:41 | INFO | P6 | STEP 3. Anomalies detected: 7
2026-04-06 15:34:41 | INFO | P6 | STEP 4. Summarizing system state from monitored signals...
2026-04-06 15:34:41 | INFO | P6 | STEP 4. System assessment completed
2026-04-06 15:34:41 | INFO | P6 | STEP 5. Wrote system assessment file: C:\Repos\cintel-06-continuous-intelligence\artifacts\system_assessment_hennelly.csv
2026-04-06 15:34:41 | INFO | P6 | ========================
2026-04-06 15:34:41 | INFO | P6 | Pipeline executed successfully!
2026-04-06 15:34:41 | INFO | P6 | ========================
2026-04-06 15:34:41 | INFO | P6 | END main()
2026-04-07 16:57:45 | INFO | P6 | === RUN START ===
2026-04-07 16:57:45 | INFO | P6 | project=CINTEL
2026-04-07 16:57:45 | INFO | P6 | repo_dir=cintel-06-continuous-intelligence
2026-04-07 16:57:45 | INFO | P6 | python=3.14.3
2026-04-07 16:57:45 | INFO | P6 | os=Windows 11
2026-04-07 16:57:45 | INFO | P6 | shell=powershell
2026-04-07 16:57:45 | INFO | P6 | cwd=.
2026-04-07 16:57:45 | INFO | P6 | github_actions=False
2026-04-07 16:57:45 | INFO | P6 | ========================
2026-04-07 16:57:45 | INFO | P6 | START main()
2026-04-07 16:57:45 | INFO | P6 | ========================
2026-04-07 16:57:45 | INFO | P6 | ROOT_DIR = .
2026-04-07 16:57:45 | INFO | P6 | DATA_FILE = data\airport_ontime_reporting2025.csv
2026-04-07 16:57:45 | INFO | P6 | OUTPUT_FILE = artifacts\airport_ontime_assessment_hennelly.csv
2026-04-07 16:57:45 | INFO | P6 | ARTIFACTS_DIR = artifacts
2026-04-07 16:57:45 | INFO | P6 | STEP 1. Loaded 353 system records
2026-04-07 16:57:45 | INFO | P6 | STEP 2. Designing signals from raw metrics...
2026-04-07 16:57:45 | INFO | P6 | STEP 3. Checking for anomalies in system signals...
2026-04-07 16:57:45 | INFO | P6 | STEP 3. Using thresholds: MIN_ACCEPTABLE_ONTIME=70.0, MIN_STABLE_ONTIME=80.0
2026-04-07 16:57:45 | INFO | P6 | STEP 3. Anomalies detected: 31
2026-04-07 16:57:45 | INFO | P6 | STEP 4. Summarizing system state from monitored signals...
2026-04-07 16:57:45 | INFO | P6 | STEP 4. System assessment completed
2026-04-07 16:57:45 | INFO | P6 | STEP 5. Wrote system assessment file: C:\Repos\cintel-06-continuous-intelligence\artifacts\airport_ontime_assessment_hennelly.csv
2026-04-07 16:57:45 | INFO | P6 | ========================
2026-04-07 16:57:45 | INFO | P6 | Pipeline executed successfully!
2026-04-07 16:57:45 | INFO | P6 | ========================
2026-04-07 16:57:45 | INFO | P6 | END main()
2026-04-07 18:50:59 | INFO | P6 | === RUN START ===
2026-04-07 18:50:59 | INFO | P6 | project=CINTEL
2026-04-07 18:50:59 | INFO | P6 | repo_dir=cintel-06-continuous-intelligence
2026-04-07 18:50:59 | INFO | P6 | python=3.14.3
2026-04-07 18:50:59 | INFO | P6 | os=Windows 11
2026-04-07 18:50:59 | INFO | P6 | shell=powershell
2026-04-07 18:50:59 | INFO | P6 | cwd=.
2026-04-07 18:50:59 | INFO | P6 | github_actions=False
2026-04-07 18:50:59 | INFO | P6 | ========================
2026-04-07 18:50:59 | INFO | P6 | START main()
2026-04-07 18:50:59 | INFO | P6 | ========================
2026-04-07 18:50:59 | INFO | P6 | ROOT_DIR = .
2026-04-07 18:50:59 | INFO | P6 | DATA_FILE = data\stl_2025_ontime.csv
2026-04-07 18:50:59 | INFO | P6 | OUTPUT_FILE = artifacts\ontime_assessment_hennelly.csv
2026-04-07 18:50:59 | INFO | P6 | ARTIFACTS_DIR = artifacts
2026-04-07 18:50:59 | INFO | P6 | STEP 1. Loaded 64205 system records
2026-04-07 18:50:59 | INFO | P6 | STEP 2. Designing signals from raw metrics...
2026-04-07 18:50:59 | INFO | P6 | STEP 3. Checking for anomalies in system signals...
2026-04-07 18:55:30 | INFO | P6 | === RUN START ===
2026-04-07 18:55:30 | INFO | P6 | project=CINTEL
2026-04-07 18:55:30 | INFO | P6 | repo_dir=cintel-06-continuous-intelligence
2026-04-07 18:55:30 | INFO | P6 | python=3.14.3
2026-04-07 18:55:30 | INFO | P6 | os=Windows 11
2026-04-07 18:55:30 | INFO | P6 | shell=powershell
2026-04-07 18:55:30 | INFO | P6 | cwd=.
2026-04-07 18:55:30 | INFO | P6 | github_actions=False
2026-04-07 18:55:30 | INFO | P6 | ========================
2026-04-07 18:55:30 | INFO | P6 | START main()
2026-04-07 18:55:30 | INFO | P6 | ========================
2026-04-07 18:55:30 | INFO | P6 | ROOT_DIR = .
2026-04-07 18:55:30 | INFO | P6 | DATA_FILE = data\stl_2025_ontime.csv
2026-04-07 18:55:30 | INFO | P6 | OUTPUT_FILE = artifacts\ontime_assessment_hennelly.csv
2026-04-07 18:55:30 | INFO | P6 | ARTIFACTS_DIR = artifacts
2026-04-07 18:55:30 | INFO | P6 | STEP 1. Loaded 64205 system records
2026-04-07 18:55:30 | INFO | P6 | STEP 2. Designing signals from raw metrics...
2026-04-07 18:55:30 | INFO | P6 | STEP 3. Checking for anomalies in system signals...
2026-04-07 19:02:31 | INFO | P6 | === RUN START ===
2026-04-07 19:02:31 | INFO | P6 | project=CINTEL
2026-04-07 19:02:31 | INFO | P6 | repo_dir=cintel-06-continuous-intelligence
2026-04-07 19:02:31 | INFO | P6 | python=3.14.3
2026-04-07 19:02:31 | INFO | P6 | os=Windows 11
2026-04-07 19:02:31 | INFO | P6 | shell=powershell
2026-04-07 19:02:31 | INFO | P6 | cwd=.
2026-04-07 19:02:31 | INFO | P6 | github_actions=False
2026-04-07 19:02:31 | INFO | P6 | ========================
2026-04-07 19:02:31 | INFO | P6 | START main()
2026-04-07 19:02:31 | INFO | P6 | ========================
2026-04-07 19:02:31 | INFO | P6 | ROOT_DIR = .
2026-04-07 19:02:31 | INFO | P6 | DATA_FILE = data\stl_2025_ontime.csv
2026-04-07 19:02:31 | INFO | P6 | OUTPUT_FILE = artifacts\ontime_assessment_hennelly.csv
2026-04-07 19:02:31 | INFO | P6 | ARTIFACTS_DIR = artifacts
2026-04-07 19:02:31 | INFO | P6 | STEP 1. Loaded 64205 system records
2026-04-07 19:02:31 | INFO | P6 | STEP 2. Designing signals from raw metrics...
2026-04-07 19:02:31 | INFO | P6 | STEP 3. Checking for anomalies in system signals...
2026-04-07 19:02:31 | INFO | P6 | STEP 3. Using thresholds: MIN_ACCEPTABLE_ONTIME=70.0, MIN_STABLE_ONTIME=80.0
2026-04-07 19:02:31 | INFO | P6 | STEP 3. Anomalies detected: 0
2026-04-07 19:02:31 | INFO | P6 | STEP 4. Summarizing system state from monitored signals...
2026-04-07 19:02:31 | INFO | P6 | STEP 4. System assessment completed
2026-04-07 19:02:31 | INFO | P6 | STEP 5. Wrote system assessment file: C:\Repos\cintel-06-continuous-intelligence\artifacts\ontime_assessment_hennelly.csv
2026-04-07 19:02:31 | INFO | P6 | ========================
2026-04-07 19:02:31 | INFO | P6 | Pipeline executed successfully!
2026-04-07 19:02:31 | INFO | P6 | ========================
2026-04-07 19:02:31 | INFO | P6 | END main()
2026-04-08 01:11:23 | INFO | P6 | === RUN START ===
2026-04-08 01:11:23 | INFO | P6 | project=CINTEL
2026-04-08 01:11:23 | INFO | P6 | repo_dir=cintel-06-continuous-intelligence
2026-04-08 01:11:23 | INFO | P6 | python=3.14.3
2026-04-08 01:11:23 | INFO | P6 | os=Windows 11
2026-04-08 01:11:23 | INFO | P6 | shell=powershell
2026-04-08 01:11:23 | INFO | P6 | cwd=.
2026-04-08 01:11:23 | INFO | P6 | github_actions=False
2026-04-08 01:11:23 | INFO | P6 | ========================
2026-04-08 01:11:23 | INFO | P6 | START main()
2026-04-08 01:11:23 | INFO | P6 | ========================
2026-04-08 01:11:23 | INFO | P6 | ROOT_DIR = .
2026-04-08 01:11:23 | INFO | P6 | DATA_FILE = data\stl_2025_ontime.csv
2026-04-08 01:11:23 | INFO | P6 | OUTPUT_FILE = artifacts\ontime_assessment_hennelly.csv
2026-04-08 01:11:23 | INFO | P6 | ARTIFACTS_DIR = artifacts
2026-04-08 01:11:23 | INFO | P6 | STEP 1. Loaded 64205 system records
2026-04-08 01:11:23 | INFO | P6 | STEP 2. Designing signals from raw metrics...
2026-04-08 01:11:23 | INFO | P6 | STEP 3. Checking for anomalies in system signals...
2026-04-08 01:11:23 | INFO | P6 | STEP 3. Using thresholds: MIN_ACCEPTABLE_ONTIME=70.0, MIN_STABLE_ONTIME=80.0
2026-04-08 01:11:23 | INFO | P6 | STEP 3. Anomalies detected: 0
2026-04-08 01:11:23 | INFO | P6 | STEP 4. Summarizing system state from monitored signals...
2026-04-08 01:11:23 | INFO | P6 | STEP 4. System assessment completed
2026-04-08 01:11:23 | INFO | P6 | STEP 5. Wrote system assessment file: C:\Repos\cintel-06-continuous-intelligence\artifacts\ontime_assessment_hennelly.csv
2026-04-08 01:11:23 | INFO | P6 | ========================
2026-04-08 01:11:23 | INFO | P6 | Pipeline executed successfully!
2026-04-08 01:11:23 | INFO | P6 | ========================
2026-04-08 01:11:23 | INFO | P6 | END main()
